This is pdfTeX, Version 3.14159265-2.6-1.40.15 (TeX Live 2014) (preloaded format=pdflatex 2014.5.25)  19 OCT 2017 10:39
entering extended mode
 restricted \write18 enabled.
 file:line:error style messages enabled.
 %&-line parsing enabled.
**draft_working.tex
(./draft_working.tex
LaTeX2e <2014/05/01>
Babel <3.9k> and hyphenation patterns for 78 languages loaded.
(/usr/local/texlive/2014/texmf-dist/tex/latex/emulateapj/emulateapj.cls
Document Class: emulateapj 
\bibbaselineskip=\skip41
(/usr/local/texlive/2014/texmf-dist/tex/latex/revtex/revtex4-1.cls
Document Class: revtex4-1 2010/07/25/20:33:00 4.1r (http://publish.aps.org/revt
ex4/ for documentation)
 Copyright (c) 2009 The American Physical Society.
 mailto:revtex@aps.org
 Licensed under the LPPL:
http://www.ctan.org/tex-archive/macros/latex/base/lppl.txt
 Arthur Ogawa <arthur_ogawa at sbcglobal dot net>
 Based on work by David Carlisle <david at dcarlisle.demon.co.uk>.
ltxutil[2010/07/25/20:33:00 4.1r utilities package (portions licensed from W. E
. Baxter web at superscript.com)]
LaTeX Info: Redefining \@centercr on input line 308.
Class revtex4-1 Info: Repairing broken LaTeX eqnarray on input line 358.
\eqncolsep=\skip42
Class revtex4-1 Info: Repairing hyperref-unfriendly LaTeX definition of \mpfoot
note on input line 433.
Class revtex4-1 Info: Repairing broken LateX \@sect on input line 755.
\intertabularlinepenalty=\count79
\@tbpen=\count80
\@arstrutbox@hline=\box26
Class revtex4-1 Info: Repairing broken LaTeX \@xbitor on input line 1786.
Class revtex4-1 Info: Making \typeout \long on input line 2046.
ltxfront[2010/07/25/20:33:00 4.1r frontmatter package (AO,DPC)]
\c@affil=\count81
\c@collab=\count82
\absbox=\box27
ltxgrid[2010/07/25/20:33:00 4.1r page grid package (portions licensed from W. E
. Baxter web at superscript.com)]
\c@linecount=\count83
\output@latex=\toks14
\box@size@1=\box28
\box@size@2=\box29
\@protection@box=\box30
\@topmark@saved=\toks15
\footins@saved=\box31
\footins@recovered=\box32
\column@recovered=\box33
\pagesofar=\box34
\footsofar=\box35
\pagegrid@col=\count84
Class revtex4-1 Info: Overriding \@vspace, \@vspacer, \@no@pgbk, \@newline, and
 \\  on input line 5578.
\c@part=\count85
\c@section=\count86
\c@subsection=\count87
\c@subsubsection=\count88
\c@paragraph=\count89
\c@subparagraph=\count90
\abovecaptionskip=\skip43
\belowcaptionskip=\skip44
\c@figure=\count91
\fbox@1=\box36
\c@table=\count92
\fbox@2=\box37
\c@video=\count93
\fbox@4=\box38
\@bibdataout=\write3
\widetext@top=\box39
\widetext@bot=\box40

Class revtex4-1 Warning: No Society specified, using default society aps.

(/usr/local/texlive/2014/texmf-dist/tex/latex/revtex/aps4-1.rtx
File: aps4-1 2010/07/25/20:33:00 4.1r (http://publish.aps.org/revtex4/ for docu
mentation)
Class revtex4-1 Info: RevTeX society APS selected on input line 31.
)

Class revtex4-1 Warning: No journal specified, using default pra.

Class revtex4-1 Info: APS journal PRA selected on input line 7545.

Class revtex4-1 Warning: No type size specified, using default 10.

(/usr/local/texlive/2014/texmf-dist/tex/latex/revtex/aps10pt4-1.rtx
File: aps10pt4-1 2010/07/25/20:33:00 4.1r (http://publish.aps.org/revtex4/ for 
documentation)
Class revtex4-1 Info: RevTeX pointsize 10pt selected on input line 30.
)
(/usr/local/texlive/2014/texmf-dist/tex/latex/textcase/textcase.sty
Package: textcase 2004/10/07 v0.07 Text only upper/lower case changing (DPC)
)
(/usr/local/texlive/2014/texmf-dist/tex/latex/url/url.sty
\Urlmuskip=\muskip10
Package: url 2013/09/16  ver 3.4  Verb mode for urls, etc.
)
(/usr/local/texlive/2014/texmf-dist/tex/latex/natbib/natbib.sty
Package: natbib 2010/09/13 8.31b (PWD, AO)
\bibhang=\skip45
\bibsep=\skip46
LaTeX Info: Redefining \cite on input line 694.
\c@NAT@ctr=\count94
)
Class revtex4-1 Info: Repairing natbib's \BibitemShut on input line 7549.

(/usr/local/texlive/2014/texmf-dist/tex/latex/revtex/revsymb4-1.sty
Package: revsymb4-1 2010/07/25/20:33:00 4.1r (http://publish.aps.org/revtex4/ f
or documentation)
LaTeX Info: Redefining \REV@mathfrak on input line 119.
))
(/usr/local/texlive/2014/texmf-dist/tex/latex/base/latexsym.sty
Package: latexsym 1998/08/17 v2.2e Standard LaTeX package (lasy symbols)
\symlasy=\mathgroup4
LaTeX Font Info:    Overwriting symbol font `lasy' in version `bold'
(Font)                  U/lasy/m/n --> U/lasy/b/n on input line 47.
)
(/usr/local/texlive/2014/texmf-dist/tex/latex/graphics/graphicx.sty
Package: graphicx 2014/04/25 v1.0g Enhanced LaTeX Graphics (DPC,SPQR)

(/usr/local/texlive/2014/texmf-dist/tex/latex/graphics/keyval.sty
Package: keyval 2014/05/08 v1.15 key=value parser (DPC)
\KV@toks@=\toks16
)
(/usr/local/texlive/2014/texmf-dist/tex/latex/graphics/graphics.sty
Package: graphics 2009/02/05 v1.0o Standard LaTeX Graphics (DPC,SPQR)

(/usr/local/texlive/2014/texmf-dist/tex/latex/graphics/trig.sty
Package: trig 1999/03/16 v1.09 sin cos tan (DPC)
)
(/usr/local/texlive/2014/texmf-dist/tex/latex/latexconfig/graphics.cfg
File: graphics.cfg 2010/04/23 v1.9 graphics configuration of TeX Live
)
Package graphics Info: Driver file: pdftex.def on input line 91.

(/usr/local/texlive/2014/texmf-dist/tex/latex/pdftex-def/pdftex.def
File: pdftex.def 2011/05/27 v0.06d Graphics/color for pdfTeX

(/usr/local/texlive/2014/texmf-dist/tex/generic/oberdiek/infwarerr.sty
Package: infwarerr 2010/04/08 v1.3 Providing info/warning/error messages (HO)
)
(/usr/local/texlive/2014/texmf-dist/tex/generic/oberdiek/ltxcmds.sty
Package: ltxcmds 2011/11/09 v1.22 LaTeX kernel commands for general use (HO)
)
\Gread@gobject=\count95
))
\Gin@req@height=\dimen102
\Gin@req@width=\dimen103
)
(/usr/local/texlive/2014/texmf-dist/tex/latex/amsfonts/amssymb.sty
Package: amssymb 2013/01/14 v3.01 AMS font symbols

(/usr/local/texlive/2014/texmf-dist/tex/latex/amsfonts/amsfonts.sty
Package: amsfonts 2013/01/14 v3.01 Basic AMSFonts support
\@emptytoks=\toks17
\symAMSa=\mathgroup5
\symAMSb=\mathgroup6
LaTeX Font Info:    Overwriting math alphabet `\mathfrak' in version `bold'
(Font)                  U/euf/m/n --> U/euf/b/n on input line 106.
LaTeX Info: Redefining \frak on input line 111.
LaTeX Info: Redefining \Bbb on input line 113.
))
(/usr/local/texlive/2014/texmf-dist/tex/latex/tools/longtable.sty
Package: longtable 2004/02/01 v4.11 Multi-page Table package (DPC)
\LTleft=\skip47
\LTright=\skip48
\LTpre=\skip49
\LTpost=\skip50
\LTchunksize=\count96
\LTcapwidth=\dimen104
\LT@head=\box41
\LT@firsthead=\box42
\LT@foot=\box43
\LT@lastfoot=\box44
\LT@cols=\count97
\LT@rows=\count98
\c@LT@tables=\count99
\c@LT@chunks=\count100
\LT@p@ftn=\toks18
)
(/usr/local/texlive/2014/texmf-dist/tex/generic/epsf/epsf.sty
This is `epsf.tex' v2.7.4 <14 February 2011>
\epsffilein=\read1
\epsfframemargin=\dimen105
\epsfframethickness=\dimen106
\epsfrsize=\dimen107
\epsftmp=\dimen108
\epsftsize=\dimen109
\epsfxsize=\dimen110
\epsfysize=\dimen111
\pspoints=\dimen112
)
\c@front@matter@foot@note=\count101
\alt@affil@toks=\toks19
\alt@affil@toks@count=\toks20
\keys@width=\skip51
\c@lastfootnote=\count102
\c@remember@figure@num=\count103
\c@remember@table@num=\count104
\bibindent=\dimen113
\plot@width=\skip52
\c@table@save=\count105
\table@note@skip=\skip53
\deluxe@table@width=\skip54
\@d@t@a=\skip55
\c@deluxe@table@num=\count106
\abovedeluxetableskip=\skip56
\belowdeluxetableskip=\skip57
\lastrowheight=\dimen114
\DT@p@ftn=\toks21
\pt@column=\count107
\pt@ncol=\count108
) (/usr/local/texlive/2014/texmf-dist/tex/latex/float/float.sty
Package: float 2001/11/08 v1.3d Float enhancements (AL)
\c@float@type=\count109
\float@exts=\toks22
\float@box=\box45
\@float@everytoks=\toks23
\@floatcapt=\box46
)
(/usr/local/texlive/2014/texmf-dist/tex/latex/amsmath/amsmath.sty
Package: amsmath 2013/01/14 v2.14 AMS math features
\@mathmargin=\skip58

For additional information on amsmath, use the `?' option.
(/usr/local/texlive/2014/texmf-dist/tex/latex/amsmath/amstext.sty
Package: amstext 2000/06/29 v2.01

(/usr/local/texlive/2014/texmf-dist/tex/latex/amsmath/amsgen.sty
File: amsgen.sty 1999/11/30 v2.0
\@emptytoks=\toks24
\ex@=\dimen115
)
LaTeX Info: Redefining \text on input line 39.
)
(/usr/local/texlive/2014/texmf-dist/tex/latex/amsmath/amsbsy.sty
Package: amsbsy 1999/11/29 v1.2d
\pmbraise@=\dimen116
)
(/usr/local/texlive/2014/texmf-dist/tex/latex/amsmath/amsopn.sty
Package: amsopn 1999/12/14 v2.01 operator names
)
\inf@bad=\count110
LaTeX Info: Redefining \frac on input line 210.
\uproot@=\count111
\leftroot@=\count112
LaTeX Info: Redefining \overline on input line 306.
\classnum@=\count113
\DOTSCASE@=\count114
LaTeX Info: Redefining \ldots on input line 378.
LaTeX Info: Redefining \dots on input line 381.
LaTeX Info: Redefining \cdots on input line 466.
\Mathstrutbox@=\box47
\strutbox@=\box48
\big@size=\dimen117
LaTeX Font Info:    Redeclaring font encoding OML on input line 566.
LaTeX Font Info:    Redeclaring font encoding OMS on input line 567.
\macc@depth=\count115
\c@MaxMatrixCols=\count116
\dotsspace@=\muskip11
\c@parentequation=\count117
\dspbrk@lvl=\count118
\tag@help=\toks25
\row@=\count119
\column@=\count120
\maxfields@=\count121
\andhelp@=\toks26
\eqnshift@=\dimen118
\alignsep@=\dimen119
\tagshift@=\dimen120
\tagwidth@=\dimen121
\totwidth@=\dimen122
\lineht@=\dimen123
\@envbody=\toks27
\multlinegap=\skip59
\multlinetaggap=\skip60
\mathdisplay@stack=\toks28
LaTeX Info: Redefining \[ on input line 2665.
LaTeX Info: Redefining \] on input line 2666.
)
(/usr/local/texlive/2014/texmf-dist/tex/latex/rotating/rotating.sty
Package: rotating 2009/03/28 v2.16a rotated objects in LaTeX

(/usr/local/texlive/2014/texmf-dist/tex/latex/base/ifthen.sty
Package: ifthen 2001/05/26 v1.1c Standard LaTeX ifthen package (DPC)
)
\c@r@tfl@t=\count122
\rotFPtop=\skip61
\rotFPbot=\skip62
\rot@float@box=\box49
\rot@mess@toks=\toks29
)
(/usr/local/texlive/2014/texmf-dist/tex/latex/was/gensymb.sty
Package: gensymb 2003/07/02 v1.0 (WaS)
)
(/usr/local/texlive/2014/texmf-dist/tex/latex/ctable/ctable.sty
Package: ctable 2014/04/25 v1.29 ctable package for \ flexible typesetting of t
able and figure floats using key/value directives

(/usr/local/texlive/2014/texmf-dist/tex/generic/oberdiek/ifpdf.sty
Package: ifpdf 2011/01/30 v2.3 Provides the ifpdf switch (HO)
Package ifpdf Info: pdfTeX in PDF mode is detected.
)
(/usr/local/texlive/2014/texmf-dist/tex/latex/xcolor/xcolor.sty
Package: xcolor 2007/01/21 v2.11 LaTeX color extensions (UK)

(/usr/local/texlive/2014/texmf-dist/tex/latex/latexconfig/color.cfg
File: color.cfg 2007/01/18 v1.5 color configuration of teTeX/TeXLive
)
Package xcolor Info: Driver file: pdftex.def on input line 225.
Package xcolor Info: Model `cmy' substituted by `cmy0' on input line 1337.
Package xcolor Info: Model `hsb' substituted by `rgb' on input line 1341.
Package xcolor Info: Model `RGB' extended on input line 1353.
Package xcolor Info: Model `HTML' substituted by `rgb' on input line 1355.
Package xcolor Info: Model `Hsb' substituted by `hsb' on input line 1356.
Package xcolor Info: Model `tHsb' substituted by `hsb' on input line 1357.
Package xcolor Info: Model `HSB' substituted by `hsb' on input line 1358.
Package xcolor Info: Model `Gray' substituted by `gray' on input line 1359.
Package xcolor Info: Model `wave' substituted by `hsb' on input line 1360.
)
(/usr/local/texlive/2014/texmf-dist/tex/latex/xkeyval/xkeyval.sty
Package: xkeyval 2014/05/09 v2.6d package option processing (HA)

(/usr/local/texlive/2014/texmf-dist/tex/generic/xkeyval/xkeyval.tex
\XKV@toks=\toks30
\XKV@tempa@toks=\toks31
\XKV@depth=\count123
File: xkeyval.tex 2014/05/09 v2.6d key=value parser (HA)
))
(/usr/local/texlive/2014/texmf-dist/tex/latex/tools/array.sty
Package: array 2008/09/09 v2.4c Tabular extension package (FMi)
\col@sep=\dimen124
\extrarowheight=\dimen125
\NC@list=\toks32
\extratabsurround=\skip63
\backup@length=\skip64
)
(/usr/local/texlive/2014/texmf-dist/tex/latex/tools/tabularx.sty
Package: tabularx 2014/05/13 v2.10 `tabularx' package (DPC)
\TX@col@width=\dimen126
\TX@old@table=\dimen127
\TX@old@col=\dimen128
\TX@target=\dimen129
\TX@delta=\dimen130
\TX@cols=\count124
\TX@ftn=\toks33
)
(/usr/local/texlive/2014/texmf-dist/tex/latex/booktabs/booktabs.sty
Package: booktabs 2005/04/14 v1.61803 publication quality tables
\heavyrulewidth=\dimen131
\lightrulewidth=\dimen132
\cmidrulewidth=\dimen133
\belowrulesep=\dimen134
\belowbottomsep=\dimen135
\aboverulesep=\dimen136
\abovetopsep=\dimen137
\cmidrulesep=\dimen138
\cmidrulekern=\dimen139
\defaultaddspace=\dimen140
\@cmidla=\count125
\@cmidlb=\count126
\@aboverulesep=\dimen141
\@belowrulesep=\dimen142
\@thisruleclass=\count127
\@lastruleclass=\count128
\@thisrulewidth=\dimen143
)
(/usr/local/texlive/2014/texmf-dist/tex/latex/oberdiek/transparent.sty
Package: transparent 2007/01/08 v1.0 Transparency via pdfTeX's color stack (HO)


(/usr/local/texlive/2014/texmf-dist/tex/latex/oberdiek/auxhook.sty
Package: auxhook 2011/03/04 v1.3 Hooks for auxiliary files (HO)
))
\@ctblframesep=\dimen144
\@defaultctblframesep=\dimen145
\@ctblframerule=\dimen146
\@defaultctblframerule=\dimen147
\@ctblwidth=\dimen148
\@defaultctblwidth=\dimen149
\@ctblcaptionskip=\dimen150
\@defaultctblcaptionskip=\dimen151
\@ctblmaxwidth=\dimen152
\@defaultctblmaxwidth=\dimen153
\@ctblmincapwidth=\dimen154
\@defaultctblmincapwidth=\dimen155
\@ctblfooterwidth=\dimen156
\@defaultctblfooterwidth=\dimen157
\@ctblw=\dimen158
\@ctblfloatwidth=\dimen159
\@ctbloldsep=\dimen160
\@ctbloldrule=\dimen161
\ctbl@t=\box50
\@ctblcurftwidth=\dimen162
)
(/usr/local/texlive/2014/texmf-dist/tex/latex/hyperref/hyperref.sty
Package: hyperref 2012/11/06 v6.83m Hypertext links for LaTeX

(/usr/local/texlive/2014/texmf-dist/tex/generic/oberdiek/hobsub-hyperref.sty
Package: hobsub-hyperref 2012/05/28 v1.13 Bundle oberdiek, subset hyperref (HO)


(/usr/local/texlive/2014/texmf-dist/tex/generic/oberdiek/hobsub-generic.sty
Package: hobsub-generic 2012/05/28 v1.13 Bundle oberdiek, subset generic (HO)
Package: hobsub 2012/05/28 v1.13 Construct package bundles (HO)
Package hobsub Info: Skipping package `infwarerr' (already loaded).
Package hobsub Info: Skipping package `ltxcmds' (already loaded).
Package: ifluatex 2010/03/01 v1.3 Provides the ifluatex switch (HO)
Package ifluatex Info: LuaTeX not detected.
Package: ifvtex 2010/03/01 v1.5 Detect VTeX and its facilities (HO)
Package ifvtex Info: VTeX not detected.
Package: intcalc 2007/09/27 v1.1 Expandable calculations with integers (HO)
Package hobsub Info: Skipping package `ifpdf' (already loaded).
Package: etexcmds 2011/02/16 v1.5 Avoid name clashes with e-TeX commands (HO)
Package etexcmds Info: Could not find \expanded.
(etexcmds)             That can mean that you are not using pdfTeX 1.50 or
(etexcmds)             that some package has redefined \expanded.
(etexcmds)             In the latter case, load this package earlier.
Package: kvsetkeys 2012/04/25 v1.16 Key value parser (HO)
Package: kvdefinekeys 2011/04/07 v1.3 Define keys (HO)
Package: pdftexcmds 2011/11/29 v0.20 Utility functions of pdfTeX for LuaTeX (HO
)
Package pdftexcmds Info: LuaTeX not detected.
Package pdftexcmds Info: \pdf@primitive is available.
Package pdftexcmds Info: \pdf@ifprimitive is available.
Package pdftexcmds Info: \pdfdraftmode found.
Package: pdfescape 2011/11/25 v1.13 Implements pdfTeX's escape features (HO)
Package: bigintcalc 2012/04/08 v1.3 Expandable calculations on big integers (HO
)
Package: bitset 2011/01/30 v1.1 Handle bit-vector datatype (HO)
Package: uniquecounter 2011/01/30 v1.2 Provide unlimited unique counter (HO)
)
Package hobsub Info: Skipping package `hobsub' (already loaded).
Package: letltxmacro 2010/09/02 v1.4 Let assignment for LaTeX macros (HO)
Package: hopatch 2012/05/28 v1.2 Wrapper for package hooks (HO)
Package: xcolor-patch 2011/01/30 xcolor patch
Package: atveryend 2011/06/30 v1.8 Hooks at the very end of document (HO)
Package: atbegshi 2011/10/05 v1.16 At begin shipout hook (HO)
Package: refcount 2011/10/16 v3.4 Data extraction from label references (HO)
Package: hycolor 2011/01/30 v1.7 Color options for hyperref/bookmark (HO)
)
(/usr/local/texlive/2014/texmf-dist/tex/generic/ifxetex/ifxetex.sty
Package: ifxetex 2010/09/12 v0.6 Provides ifxetex conditional
)
(/usr/local/texlive/2014/texmf-dist/tex/latex/oberdiek/kvoptions.sty
Package: kvoptions 2011/06/30 v3.11 Key value format for package options (HO)
)
\@linkdim=\dimen163
\Hy@linkcounter=\count129
\Hy@pagecounter=\count130

(/usr/local/texlive/2014/texmf-dist/tex/latex/hyperref/pd1enc.def
File: pd1enc.def 2012/11/06 v6.83m Hyperref: PDFDocEncoding definition (HO)
)
\Hy@SavedSpaceFactor=\count131

(/usr/local/texlive/2014/texmf-dist/tex/latex/latexconfig/hyperref.cfg
File: hyperref.cfg 2002/06/06 v1.2 hyperref configuration of TeXLive
)
Package hyperref Info: Option `breaklinks' set `true' on input line 4319.
Package hyperref Info: Option `colorlinks' set `true' on input line 4319.
Package hyperref Info: Hyper figures OFF on input line 4443.
Package hyperref Info: Link nesting OFF on input line 4448.
Package hyperref Info: Hyper index ON on input line 4451.
Package hyperref Info: Plain pages OFF on input line 4458.
Package hyperref Info: Backreferencing OFF on input line 4463.
Package hyperref Info: Implicit mode ON; LaTeX internals redefined.
Package hyperref Info: Bookmarks ON on input line 4688.
LaTeX Info: Redefining \href on input line 4952.
\c@Hy@tempcnt=\count132
LaTeX Info: Redefining \url on input line 5041.
\XeTeXLinkMargin=\dimen164
\Fld@menulength=\count133
\Field@Width=\dimen165
\Fld@charsize=\dimen166
Package hyperref Info: Hyper figures OFF on input line 6295.
Package hyperref Info: Link nesting OFF on input line 6300.
Package hyperref Info: Hyper index ON on input line 6303.
Package hyperref Info: backreferencing OFF on input line 6310.
Package hyperref Info: Link coloring ON on input line 6313.
Package hyperref Info: Link coloring with OCG OFF on input line 6320.
Package hyperref Info: PDF/A mode OFF on input line 6325.
LaTeX Info: Redefining \ref on input line 6365.
LaTeX Info: Redefining \pageref on input line 6369.
\Hy@abspage=\count134
\c@Item=\count135
\c@Hfootnote=\count136
)

Package hyperref Message: Driver (autodetected): hpdftex.

(/usr/local/texlive/2014/texmf-dist/tex/latex/hyperref/hpdftex.def
File: hpdftex.def 2012/11/06 v6.83m Hyperref driver for pdfTeX
\Fld@listcount=\count137
\c@bookmark@seq@number=\count138

(/usr/local/texlive/2014/texmf-dist/tex/latex/oberdiek/rerunfilecheck.sty
Package: rerunfilecheck 2011/04/15 v1.7 Rerun checks for auxiliary files (HO)
Package uniquecounter Info: New unique counter `rerunfilecheck' on input line 2
82.
)
\Hy@SectionHShift=\skip65
)
Class revtex4-1 Info: Patching array package. on input line 21.


Class revtex4-1 Warning: Repair the float package.

Class revtex4-1 Info: Patching unrecognized longtable package. (Proceeding with
 fingers crossed) on input line 21.
Class revtex4-1 Info: Robustifying \LaTeX's \boldmath command on input line 21.

Class revtex4-1 Info: cite was not loaded (OK!) on input line 21.
Class revtex4-1 Info: mcite was not loaded (OK!) on input line 21.
Class revtex4-1 Info: multicol was not loaded (OK!) on input line 21.
(./draft_working.aux

LaTeX Warning: Label `SEC:APPB' multiply defined.

)
\openout1 = `draft_working.aux'.

LaTeX Font Info:    Checking defaults for OML/cmm/m/it on input line 21.
LaTeX Font Info:    ... okay on input line 21.
LaTeX Font Info:    Checking defaults for T1/cmr/m/n on input line 21.
LaTeX Font Info:    ... okay on input line 21.
LaTeX Font Info:    Checking defaults for OT1/cmr/m/n on input line 21.
LaTeX Font Info:    ... okay on input line 21.
LaTeX Font Info:    Checking defaults for OMS/cmsy/m/n on input line 21.
LaTeX Font Info:    ... okay on input line 21.
LaTeX Font Info:    Checking defaults for OMX/cmex/m/n on input line 21.
LaTeX Font Info:    ... okay on input line 21.
LaTeX Font Info:    Checking defaults for U/cmr/m/n on input line 21.
LaTeX Font Info:    ... okay on input line 21.
LaTeX Font Info:    Checking defaults for PD1/pdf/m/n on input line 21.
LaTeX Font Info:    ... okay on input line 21.
 (/usr/local/texlive/2014/texmf-dist/tex/context/base/supp-pdf.mkii
[Loading MPS to PDF converter (version 2006.09.02).]
\scratchcounter=\count139
\scratchdimen=\dimen167
\scratchbox=\box51
\nofMPsegments=\count140
\nofMParguments=\count141
\everyMPshowfont=\toks34
\MPscratchCnt=\count142
\MPscratchDim=\dimen168
\MPnumerator=\count143
\makeMPintoPDFobject=\count144
\everyMPtoPDFconversion=\toks35
) (/usr/local/texlive/2014/texmf-dist/tex/latex/oberdiek/epstopdf-base.sty
Package: epstopdf-base 2010/02/09 v2.5 Base part for package epstopdf

(/usr/local/texlive/2014/texmf-dist/tex/latex/oberdiek/grfext.sty
Package: grfext 2010/08/19 v1.1 Manage graphics extensions (HO)
)
Package grfext Info: Graphics extension search list:
(grfext)             [.png,.pdf,.jpg,.mps,.jpeg,.jbig2,.jb2,.PNG,.PDF,.JPG,.JPE
G,.JBIG2,.JB2,.eps]
(grfext)             \AppendGraphicsExtensions on input line 452.

(/usr/local/texlive/2014/texmf-dist/tex/latex/latexconfig/epstopdf-sys.cfg
File: epstopdf-sys.cfg 2010/07/13 v1.3 Configuration of (r)epstopdf for TeX Liv
e
))
LaTeX Info: Redefining \celsius on input line 21.
Package gensymb Info: Faking symbols for \degree and \celsius on input line 21.



Package gensymb Warning: Not defining \perthousand.

LaTeX Info: Redefining \ohm on input line 21.
Package gensymb Info: Using \Omega for \ohm on input line 21.

Package gensymb Warning: Not defining \micro.

\AtBeginShipoutBox=\box52
Package hyperref Info: Link coloring ON on input line 21.
(/usr/local/texlive/2014/texmf-dist/tex/latex/hyperref/nameref.sty
Package: nameref 2012/10/27 v2.43 Cross-referencing by name of section

(/usr/local/texlive/2014/texmf-dist/tex/generic/oberdiek/gettitlestring.sty
Package: gettitlestring 2010/12/03 v1.4 Cleanup title references (HO)
)
\c@section@level=\count145
)
LaTeX Info: Redefining \ref on input line 21.
LaTeX Info: Redefining \pageref on input line 21.
LaTeX Info: Redefining \nameref on input line 21.

(./draft_working.out) (./draft_working.out)
\@outlinefile=\write4
\openout4 = `draft_working.out'.

Class revtex4-1 Info: Taking \maketitle back from hyperref on input line 21.
\openout3 = `draft_workingNotes.bib'.



Class revtex4-1 Warning: Assuming \noaffiliation for authors.

LaTeX Font Info:    Try loading font information for U+lasy on input line 42.
(/usr/local/texlive/2014/texmf-dist/tex/latex/base/ulasy.fd
File: ulasy.fd 1998/08/17 v2.2e LaTeX symbol font definitions
)
LaTeX Font Info:    Try loading font information for U+msa on input line 42.

(/usr/local/texlive/2014/texmf-dist/tex/latex/amsfonts/umsa.fd
File: umsa.fd 2013/01/14 v3.01 AMS symbols A
)
LaTeX Font Info:    Try loading font information for U+msb on input line 42.

(/usr/local/texlive/2014/texmf-dist/tex/latex/amsfonts/umsb.fd
File: umsb.fd 2013/01/14 v3.01 AMS symbols B
) [1{/usr/local/texlive/2014/texmf-var/fonts/map/pdftex/updmap/pdftex.map}]
<../figures/antconfig.png, id=203, 521.0667pt x 655.4889pt>
File: ../figures/antconfig.png Graphic file (type png)

<use ../figures/antconfig.png>
Package pdftex.def Info: ../figures/antconfig.png used on input line 100.
(pdftex.def)             Requested size: 245.26653pt x 308.53992pt.
 [2]
LaTeX Font Info:    Try loading font information for OMS+cmr on input line 122.


(/usr/local/texlive/2014/texmf-dist/tex/latex/base/omscmr.fd
File: omscmr.fd 1999/05/25 v2.5h Standard LaTeX font definitions
)
LaTeX Font Info:    Font shape `OMS/cmr/m/n' in size <10> not available
(Font)              Font shape `OMS/cmsy/m/n' tried instead on input line 122.


Package hyperref Warning: Token not allowed in a PDF string (PDFDocEncoding):
(hyperref)                removing `math shift' on input line 137.


Package hyperref Warning: Token not allowed in a PDF string (PDFDocEncoding):
(hyperref)                removing `math shift' on input line 137.

LaTeX Font Info:    Font shape `U/lasy/b/n' in size <7> not available
(Font)              Font shape `U/lasy/m/n' tried instead on input line 142.
LaTeX Font Info:    Font shape `U/lasy/b/n' in size <5> not available
(Font)              Font shape `U/lasy/m/n' tried instead on input line 142.
<../figures/rotation_new.png, id=226, 419.8887pt x 529.0164pt>
File: ../figures/rotation_new.png Graphic file (type png)

<use ../figures/rotation_new.png>
Package pdftex.def Info: ../figures/rotation_new.png used on input line 150.
(pdftex.def)             Requested size: 245.26653pt x 309.01727pt.


LaTeX Warning: `h' float specifier changed to `ht'.

[3 <../figures/antconfig.png>]

LaTeX Warning: A float is stuck (cannot be placed) on input line 165.


LaTeX Warning: A float is stuck (cannot be placed) on input line 165.


Class revtex4-1 Warning: Deferred float stuck during \clearpage processing.


Package amsfonts Warning: Obsolete command \bold; \mathbf should be used instea
d on input line 193.

LaTeX Font Info:    Font shape `U/lasy/b/n' in size <8> not available
(Font)              Font shape `U/lasy/m/n' tried instead on input line 197.
LaTeX Font Info:    Font shape `U/lasy/b/n' in size <6> not available
(Font)              Font shape `U/lasy/m/n' tried instead on input line 197.
LaTeX Font Info:    Font shape `U/lasy/b/n' in size <9> not available
(Font)              Font shape `U/lasy/m/n' tried instead on input line 226.
[4 <../figures/rotation_new.png>]
Overfull \hbox (13.2859pt too wide) in alignment at lines 264--271
 [][][] []
 []


Overfull \hbox (16.34674pt too wide) in alignment at lines 283--288
 [][][] []
 []


Overfull \hbox (2.70029pt too wide) detected at line 322
[][] []
 []

[5] <../figures/phi_nu.png, id=330, 578.16pt x 397.485pt>
File: ../figures/phi_nu.png Graphic file (type png)

<use ../figures/phi_nu.png>
Package pdftex.def Info: ../figures/phi_nu.png used on input line 357.
(pdftex.def)             Requested size: 245.26653pt x 168.61653pt.
LaTeX Font Info:    Font shape `OMS/cmr/m/n' in size <8> not available
(Font)              Font shape `OMS/cmsy/m/n' tried instead on input line 359.

<../figures/rephs_rb.png, id=335, 623.6901pt x 731.3724pt>
File: ../figures/rephs_rb.png Graphic file (type png)

<use ../figures/rephs_rb.png>
Package pdftex.def Info: ../figures/rephs_rb.png used on input line 378.
(pdftex.def)             Requested size: 269.79466pt x 316.37001pt.

Overfull \hbox (24.52814pt too wide) in paragraph at lines 378--379
[][] 
 []

[6 <../figures/phi_nu.png> <../figures/rephs_rb.png>]
<../figures/BeamFringe.png, id=351, 579.6054pt x 478.4274pt>
File: ../figures/BeamFringe.png Graphic file (type png)

<use ../figures/BeamFringe.png>
Package pdftex.def Info: ../figures/BeamFringe.png used on input line 394.
(pdftex.def)             Requested size: 513.11743pt x 423.57248pt.


Class revtex4-1 Warning: Float cannot be placed.


Underfull \hbox (badness 1490) in paragraph at lines 403--406
[]\OT1/cmr/m/n/10 At the time off-set of max-i-mum re-dun-dancy, we
 []


Underfull \hbox (badness 10000) in paragraph at lines 403--406
\OML/cmm/m/it/10 B[]\OT1/cmr/m/n/10 ([]\OML/cmm/m/it/10 ; ^^W\OT1/cmr/m/n/10 )\
OML/cmm/m/it/10 B\OT1/cmr/m/n/10 ([][]\OML/cmm/m/it/10 ; ^^W\OT1/cmr/m/n/10 ) [
] []$,
 []

[7]

LaTeX Warning: A float is stuck (cannot be placed) on input line 444.

[8 <../figures/BeamFringe.png>]
<../figures/multiblwindows.png, id=431, 433.62pt x 289.08pt>
File: ../figures/multiblwindows.png Graphic file (type png)

<use ../figures/multiblwindows.png>
Package pdftex.def Info: ../figures/multiblwindows.png used on input line 468.
(pdftex.def)             Requested size: 269.79466pt x 179.87175pt.

Overfull \hbox (24.52814pt too wide) in paragraph at lines 468--469
[][] 
 []


LaTeX Warning: `h' float specifier changed to `ht'.

<../figures/sensitivity_1.png, id=435, 666.3294pt x 708.246pt>
File: ../figures/sensitivity_1.png Graphic file (type png)

<use ../figures/sensitivity_1.png>
Package pdftex.def Info: ../figures/sensitivity_1.png used on input line 488.
(pdftex.def)             Requested size: 487.45999pt x 518.12839pt.


Class revtex4-1 Warning: Float cannot be placed.

<../figures/HeraAntpos.png, id=437, 691.6239pt x 628.0263pt>
File: ../figures/HeraAntpos.png Graphic file (type png)

<use ../figures/HeraAntpos.png>
Package pdftex.def Info: ../figures/HeraAntpos.png used on input line 499.
(pdftex.def)             Requested size: 245.26653pt x 222.71611pt.


LaTeX Warning: `h' float specifier changed to `ht'.

[9 <../figures/multiblwindows.png>]

LaTeX Warning: A float is stuck (cannot be placed) on input line 515.

[10 <../figures/sensitivity_1.png>]

LaTeX Warning: A float is stuck (cannot be placed) on input line 515.


Class revtex4-1 Warning: Deferred float stuck during \clearpage processing.

[11 <../figures/HeraAntpos.png>]
<../figures/pairplot.png, id=482, 542.025pt x 542.025pt>
File: ../figures/pairplot.png Graphic file (type png)

<use ../figures/pairplot.png>
Package pdftex.def Info: ../figures/pairplot.png used on input line 583.
(pdftex.def)             Requested size: 245.26653pt x 245.26537pt.

Underfull \hbox (badness 1043) in paragraph at lines 603--604
 []\OT1/cmr/m/n/10 The top sensitivity-contributing near-equivalent
 []

[12 <../figures/pairplot.png>]
<../figures/osens.png, id=505, 594.0594pt x 438.6789pt>
File: ../figures/osens.png Graphic file (type png)

<use ../figures/osens.png>
Package pdftex.def Info: ../figures/osens.png used on input line 614.
(pdftex.def)             Requested size: 245.26653pt x 181.11792pt.
 [13 <../figures/osens.png>]

Package hyperref Warning: Token not allowed in a PDF string (PDFDocEncoding):
(hyperref)                removing `\\' on input line 650.


Package hyperref Warning: Token not allowed in a PDF string (PDFDocEncoding):
(hyperref)                removing `math shift' on input line 650.


Package hyperref Warning: Token not allowed in a PDF string (PDFDocEncoding):
(hyperref)                removing `math shift' on input line 650.


Package hyperref Warning: Token not allowed in a PDF string (PDFDocEncoding):
(hyperref)                removing `\\' on input line 673.

[14] (./draft_working.bbl) [15]
Package atveryend Info: Empty hook `AfterLastShipout' on input line 729.
 (./draft_working.aux)
Package atveryend Info: Executing hook `AtVeryEndDocument' on input line 729.
Package atveryend Info: Executing hook `AtEndAfterFileList' on input line 729.
Package rerunfilecheck Info: File `draft_working.out' has not changed.
(rerunfilecheck)             Checksum: F4015F57F162976D53F7A996C2D854F5;871.


LaTeX Warning: There were multiply-defined labels.

 ) 
Here is how much of TeX's memory you used:
 10013 strings out of 493117
 141213 string characters out of 6135433
 317820 words of memory out of 5000000
 13155 multiletter control sequences out of 15000+600000
 18514 words of font info for 72 fonts, out of 8000000 for 9000
 1141 hyphenation exceptions out of 8191
 35i,15n,53p,3366b,412s stack positions out of 5000i,500n,10000p,200000b,80000s
</usr/local/texlive/2014/texmf-dist/fonts/type1/public/amsfonts/cmextra/cmbsy
5.pfb></usr/local/texlive/2014/texmf-dist/fonts/type1/public/amsfonts/cmextra/c
mbsy7.pfb></usr/local/texlive/2014/texmf-dist/fonts/type1/public/amsfonts/cm/cm
bx10.pfb></usr/local/texlive/2014/texmf-dist/fonts/type1/public/amsfonts/cm/cmb
x7.pfb></usr/local/texlive/2014/texmf-dist/fonts/type1/public/amsfonts/cm/cmbx8
.pfb></usr/local/texlive/2014/texmf-dist/fonts/type1/public/amsfonts/cm/cmbxti1
0.pfb></usr/local/texlive/2014/texmf-dist/fonts/type1/public/amsfonts/cm/cmcsc1
0.pfb></usr/local/texlive/2014/texmf-dist/fonts/type1/public/amsfonts/cm/cmex10
.pfb></usr/local/texlive/2014/texmf-dist/fonts/type1/public/amsfonts/cmextra/cm
ex8.pfb></usr/local/texlive/2014/texmf-dist/fonts/type1/public/amsfonts/cmextra
/cmex9.pfb></usr/local/texlive/2014/texmf-dist/fonts/type1/public/amsfonts/cm/c
mmi10.pfb></usr/local/texlive/2014/texmf-dist/fonts/type1/public/amsfonts/cm/cm
mi5.pfb></usr/local/texlive/2014/texmf-dist/fonts/type1/public/amsfonts/cm/cmmi
6.pfb></usr/local/texlive/2014/texmf-dist/fonts/type1/public/amsfonts/cm/cmmi7.
pfb></usr/local/texlive/2014/texmf-dist/fonts/type1/public/amsfonts/cm/cmmi8.pf
b></usr/local/texlive/2014/texmf-dist/fonts/type1/public/amsfonts/cm/cmmi9.pfb>
</usr/local/texlive/2014/texmf-dist/fonts/type1/public/amsfonts/cm/cmmib10.pfb>
</usr/local/texlive/2014/texmf-dist/fonts/type1/public/amsfonts/cmextra/cmmib5.
pfb></usr/local/texlive/2014/texmf-dist/fonts/type1/public/amsfonts/cmextra/cmm
ib6.pfb></usr/local/texlive/2014/texmf-dist/fonts/type1/public/amsfonts/cmextra
/cmmib7.pfb></usr/local/texlive/2014/texmf-dist/fonts/type1/public/amsfonts/cme
xtra/cmmib8.pfb></usr/local/texlive/2014/texmf-dist/fonts/type1/public/amsfonts
/cmextra/cmmib9.pfb></usr/local/texlive/2014/texmf-dist/fonts/type1/public/amsf
onts/cm/cmr10.pfb></usr/local/texlive/2014/texmf-dist/fonts/type1/public/amsfon
ts/cm/cmr5.pfb></usr/local/texlive/2014/texmf-dist/fonts/type1/public/amsfonts/
cm/cmr6.pfb></usr/local/texlive/2014/texmf-dist/fonts/type1/public/amsfonts/cm/
cmr7.pfb></usr/local/texlive/2014/texmf-dist/fonts/type1/public/amsfonts/cm/cmr
8.pfb></usr/local/texlive/2014/texmf-dist/fonts/type1/public/amsfonts/cm/cmr9.p
fb></usr/local/texlive/2014/texmf-dist/fonts/type1/public/amsfonts/cm/cmsy10.pf
b></usr/local/texlive/2014/texmf-dist/fonts/type1/public/amsfonts/cm/cmsy5.pfb>
</usr/local/texlive/2014/texmf-dist/fonts/type1/public/amsfonts/cm/cmsy7.pfb></
usr/local/texlive/2014/texmf-dist/fonts/type1/public/amsfonts/cm/cmsy8.pfb></us
r/local/texlive/2014/texmf-dist/fonts/type1/public/amsfonts/cm/cmsy9.pfb></usr/
local/texlive/2014/texmf-dist/fonts/type1/public/amsfonts/cm/cmti10.pfb></usr/l
ocal/texlive/2014/texmf-dist/fonts/type1/public/amsfonts/cm/cmti8.pfb></usr/loc
al/texlive/2014/texmf-dist/fonts/type1/public/amsfonts/symbols/msam10.pfb>
Output written on draft_working.pdf (15 pages, 1184635 bytes).
PDF statistics:
 687 PDF objects out of 1000 (max. 8388607)
 607 compressed objects within 7 object streams
 144 named destinations out of 1000 (max. 500000)
 171 words of extra memory for PDF output out of 10000 (max. 10000000)

